TN:
SF:server/db.js
FN:19,(anonymous_0)
FN:24,(anonymous_1)
FN:28,(anonymous_2)
FN:32,(anonymous_3)
FN:37,(anonymous_4)
FN:41,(anonymous_5)
FN:46,(anonymous_6)
FN:60,(anonymous_7)
FN:69,(anonymous_8)
FN:86,(anonymous_9)
FN:96,(anonymous_10)
FNF:11
FNH:3
FNDA:5,(anonymous_0)
FNDA:5,(anonymous_1)
FNDA:0,(anonymous_2)
FNDA:0,(anonymous_3)
FNDA:5,(anonymous_4)
FNDA:0,(anonymous_5)
FNDA:0,(anonymous_6)
FNDA:0,(anonymous_7)
FNDA:0,(anonymous_8)
FNDA:0,(anonymous_9)
FNDA:0,(anonymous_10)
DA:2,1
DA:4,1
DA:5,1
DA:11,1
DA:19,1
DA:20,5
DA:25,5
DA:26,0
DA:30,0
DA:33,0
DA:39,5
DA:42,0
DA:46,1
DA:47,0
DA:49,0
DA:51,0
DA:53,0
DA:55,0
DA:57,0
DA:60,1
DA:61,0
DA:63,0
DA:65,0
DA:66,0
DA:69,1
DA:70,0
DA:72,0
DA:74,0
DA:75,0
DA:77,0
DA:78,0
DA:80,0
DA:81,0
DA:83,0
DA:86,1
DA:87,0
DA:88,0
DA:90,0
DA:91,0
DA:93,0
DA:96,1
DA:97,0
DA:98,0
DA:100,0
DA:101,0
DA:105,1
LF:46
LH:14
BRDA:4,0,0,1
BRDA:4,0,1,0
BRDA:7,1,0,1
BRDA:7,1,1,0
BRDA:25,2,0,0
BRDA:25,2,1,5
BRF:6
BRH:3
end_of_record
TN:
SF:server/server.js
FN:40,(anonymous_0)
FN:46,(anonymous_1)
FN:53,(anonymous_2)
FN:59,(anonymous_3)
FN:63,(anonymous_4)
FNF:5
FNH:2
FNDA:3,(anonymous_0)
FNDA:2,(anonymous_1)
FNDA:0,(anonymous_2)
FNDA:0,(anonymous_3)
FNDA:0,(anonymous_4)
DA:2,1
DA:3,1
DA:4,1
DA:5,1
DA:6,1
DA:7,1
DA:8,1
DA:9,1
DA:10,1
DA:11,1
DA:13,1
DA:14,1
DA:17,1
DA:20,1
DA:24,1
DA:25,1
DA:26,1
DA:27,1
DA:28,1
DA:29,1
DA:31,1
DA:34,1
DA:36,1
DA:40,3
DA:43,1
DA:46,1
DA:47,2
DA:48,2
DA:53,1
DA:54,0
DA:55,0
DA:59,1
DA:60,0
DA:63,1
DA:64,0
DA:67,1
LF:36
LH:32
BRDA:17,0,0,1
BRDA:17,0,1,1
BRDA:47,1,0,2
BRDA:47,1,1,0
BRF:4
BRH:3
end_of_record
TN:
SF:server/controllers/user-controller.js
FN:11,(anonymous_0)
FN:17,(anonymous_1)
FN:20,(anonymous_2)
FN:27,(anonymous_3)
FN:34,(anonymous_4)
FN:60,(anonymous_5)
FN:66,(anonymous_6)
FNF:7
FNH:5
FNDA:1,(anonymous_0)
FNDA:1,(anonymous_1)
FNDA:0,(anonymous_2)
FNDA:3,(anonymous_3)
FNDA:3,(anonymous_4)
FNDA:0,(anonymous_5)
FNDA:1,(anonymous_6)
DA:2,1
DA:3,1
DA:4,1
DA:5,1
DA:6,1
DA:8,1
DA:11,1
DA:12,1
DA:13,1
DA:18,1
DA:21,0
DA:27,1
DA:28,3
DA:29,3
DA:30,3
DA:35,3
DA:39,3
DA:40,3
DA:43,3
DA:49,3
DA:57,0
DA:61,0
DA:62,0
DA:66,1
DA:67,1
LF:25
LH:21
BRDA:12,0,0,1
BRDA:12,0,1,1
BRDA:35,1,0,3
BRDA:35,1,1,0
BRDA:36,2,0,3
BRDA:36,2,1,3
BRF:6
BRH:5
end_of_record
TN:
SF:server/routes/auth-route.js
FNF:0
FNH:0
DA:2,1
DA:5,1
DA:8,1
DA:10,1
DA:12,1
DA:15,1
LF:6
LH:6
BRF:0
BRH:0
end_of_record
TN:
SF:server/routes/user-route.js
FNF:0
FNH:0
DA:2,1
DA:5,1
DA:8,1
DA:10,1
DA:13,1
LF:5
LH:5
BRF:0
BRH:0
end_of_record
